<?xml version="1.0" encoding="UTF-8"?>
<testsuite name="com.yosep.jpa.querydsl.QueryDslApplicationTest" tests="1" skipped="0" failures="0" errors="0" timestamp="2021-02-26T08:04:22" hostname="yokkaebiui-MacBookPro.local" time="0.559">
  <properties/>
  <testcase name="contextLoads()" classname="com.yosep.jpa.querydsl.QueryDslApplicationTest" time="0.559"/>
  <system-out><![CDATA[17:04:19.889 [Test worker] DEBUG org.springframework.test.context.BootstrapUtils - Instantiating CacheAwareContextLoaderDelegate from class [org.springframework.test.context.cache.DefaultCacheAwareContextLoaderDelegate]
17:04:19.900 [Test worker] DEBUG org.springframework.test.context.BootstrapUtils - Instantiating BootstrapContext using constructor [public org.springframework.test.context.support.DefaultBootstrapContext(java.lang.Class,org.springframework.test.context.CacheAwareContextLoaderDelegate)]
17:04:19.925 [Test worker] DEBUG org.springframework.test.context.BootstrapUtils - Instantiating TestContextBootstrapper for test class [com.yosep.jpa.querydsl.QueryDslApplicationTest] from class [org.springframework.boot.test.context.SpringBootTestContextBootstrapper]
17:04:19.937 [Test worker] INFO org.springframework.boot.test.context.SpringBootTestContextBootstrapper - Neither @ContextConfiguration nor @ContextHierarchy found for test class [com.yosep.jpa.querydsl.QueryDslApplicationTest], using SpringBootContextLoader
17:04:19.942 [Test worker] DEBUG org.springframework.test.context.support.AbstractContextLoader - Did not detect default resource location for test class [com.yosep.jpa.querydsl.QueryDslApplicationTest]: class path resource [com/yosep/jpa/querydsl/QueryDslApplicationTest-context.xml] does not exist
17:04:19.942 [Test worker] DEBUG org.springframework.test.context.support.AbstractContextLoader - Did not detect default resource location for test class [com.yosep.jpa.querydsl.QueryDslApplicationTest]: class path resource [com/yosep/jpa/querydsl/QueryDslApplicationTestContext.groovy] does not exist
17:04:19.943 [Test worker] INFO org.springframework.test.context.support.AbstractContextLoader - Could not detect default resource locations for test class [com.yosep.jpa.querydsl.QueryDslApplicationTest]: no resource found for suffixes {-context.xml, Context.groovy}.
17:04:19.944 [Test worker] INFO org.springframework.test.context.support.AnnotationConfigContextLoaderUtils - Could not detect default configuration classes for test class [com.yosep.jpa.querydsl.QueryDslApplicationTest]: QueryDslApplicationTest does not declare any static, non-private, non-final, nested classes annotated with @Configuration.
17:04:19.978 [Test worker] DEBUG org.springframework.test.context.support.ActiveProfilesUtils - Could not find an 'annotation declaring class' for annotation type [org.springframework.test.context.ActiveProfiles] and class [com.yosep.jpa.querydsl.QueryDslApplicationTest]
17:04:20.036 [Test worker] DEBUG org.springframework.context.annotation.ClassPathScanningCandidateComponentProvider - Identified candidate component class: file [/Users/yoggaebi/Desktop/개인개발/spring/workspace-yos-aws/jpa-study-2021/build/classes/java/main/com/yosep/jpa/SpringJpaApplication.class]
17:04:20.037 [Test worker] INFO org.springframework.boot.test.context.SpringBootTestContextBootstrapper - Found @SpringBootConfiguration com.yosep.jpa.SpringJpaApplication for test class com.yosep.jpa.querydsl.QueryDslApplicationTest
17:04:20.128 [Test worker] DEBUG org.springframework.boot.test.context.SpringBootTestContextBootstrapper - @TestExecutionListeners is not present for class [com.yosep.jpa.querydsl.QueryDslApplicationTest]: using defaults.
17:04:20.128 [Test worker] INFO org.springframework.boot.test.context.SpringBootTestContextBootstrapper - Loaded default TestExecutionListener class names from location [META-INF/spring.factories]: [org.springframework.boot.test.autoconfigure.restdocs.RestDocsTestExecutionListener, org.springframework.boot.test.autoconfigure.web.client.MockRestServiceServerResetTestExecutionListener, org.springframework.boot.test.autoconfigure.web.servlet.MockMvcPrintOnlyOnFailureTestExecutionListener, org.springframework.boot.test.autoconfigure.web.servlet.WebDriverTestExecutionListener, org.springframework.boot.test.autoconfigure.webservices.client.MockWebServiceServerTestExecutionListener, org.springframework.boot.test.mock.mockito.MockitoTestExecutionListener, org.springframework.boot.test.mock.mockito.ResetMocksTestExecutionListener, org.springframework.test.context.web.ServletTestExecutionListener, org.springframework.test.context.support.DirtiesContextBeforeModesTestExecutionListener, org.springframework.test.context.support.DependencyInjectionTestExecutionListener, org.springframework.test.context.support.DirtiesContextTestExecutionListener, org.springframework.test.context.transaction.TransactionalTestExecutionListener, org.springframework.test.context.jdbc.SqlScriptsTestExecutionListener, org.springframework.test.context.event.EventPublishingTestExecutionListener]
17:04:20.150 [Test worker] INFO org.springframework.boot.test.context.SpringBootTestContextBootstrapper - Using TestExecutionListeners: [org.springframework.test.context.web.ServletTestExecutionListener@68c905ad, org.springframework.test.context.support.DirtiesContextBeforeModesTestExecutionListener@4c493e6, org.springframework.boot.test.mock.mockito.MockitoTestExecutionListener@5fef4a34, org.springframework.boot.test.autoconfigure.SpringBootDependencyInjectionTestExecutionListener@367df805, org.springframework.test.context.support.DirtiesContextTestExecutionListener@16b9770a, org.springframework.test.context.transaction.TransactionalTestExecutionListener@36428d98, org.springframework.test.context.jdbc.SqlScriptsTestExecutionListener@1359cf8e, org.springframework.test.context.event.EventPublishingTestExecutionListener@4a3da030, org.springframework.boot.test.autoconfigure.restdocs.RestDocsTestExecutionListener@17e19f5a, org.springframework.boot.test.autoconfigure.web.client.MockRestServiceServerResetTestExecutionListener@356dfe73, org.springframework.boot.test.autoconfigure.web.servlet.MockMvcPrintOnlyOnFailureTestExecutionListener@689572ef, org.springframework.boot.test.autoconfigure.web.servlet.WebDriverTestExecutionListener@4f8e63ed, org.springframework.boot.test.autoconfigure.webservices.client.MockWebServiceServerTestExecutionListener@548e3e09, org.springframework.boot.test.mock.mockito.ResetMocksTestExecutionListener@ecacc8d]
17:04:20.153 [Test worker] DEBUG org.springframework.test.context.support.AbstractDirtiesContextTestExecutionListener - Before test class: context [DefaultTestContext@6d851c8 testClass = QueryDslApplicationTest, testInstance = [null], testMethod = [null], testException = [null], mergedContextConfiguration = [WebMergedContextConfiguration@5aa36b5f testClass = QueryDslApplicationTest, locations = '{}', classes = '{class com.yosep.jpa.SpringJpaApplication}', contextInitializerClasses = '[]', activeProfiles = '{}', propertySourceLocations = '{}', propertySourceProperties = '{org.springframework.boot.test.context.SpringBootTestContextBootstrapper=true}', contextCustomizers = set[org.springframework.boot.test.autoconfigure.properties.PropertyMappingContextCustomizer@0, org.springframework.boot.test.autoconfigure.web.servlet.WebDriverContextCustomizerFactory$Customizer@6104ef93, org.springframework.boot.test.context.filter.ExcludeFilterContextCustomizer@f1d1ea3, org.springframework.boot.test.json.DuplicateJsonObjectContextCustomizerFactory$DuplicateJsonObjectContextCustomizer@12b8bc0e, org.springframework.boot.test.mock.mockito.MockitoContextCustomizer@0, org.springframework.boot.test.web.client.TestRestTemplateContextCustomizer@11139657, org.springframework.boot.test.context.SpringBootTestArgs@1], resourceBasePath = 'src/main/webapp', contextLoader = 'org.springframework.boot.test.context.SpringBootContextLoader', parent = [null]], attributes = map['org.springframework.test.context.web.ServletTestExecutionListener.activateListener' -> true]], class annotated with @DirtiesContext [false] with mode [null].
17:04:20.177 [Test worker] DEBUG org.springframework.test.context.support.TestPropertySourceUtils - Adding inlined properties to environment: {spring.jmx.enabled=false, org.springframework.boot.test.context.SpringBootTestContextBootstrapper=true}

  .   ____          _            __ _ _
 /\\ / ___'_ __ _ _(_)_ __  __ _ \ \ \ \
( ( )\___ | '_ | '_| | '_ \/ _` | \ \ \ \
 \\/  ___)| |_)| | | | | || (_| |  ) ) ) )
  '  |____| .__|_| |_|_| |_\__, | / / / /
 =========|_|==============|___/=/_/_/_/
 :: Spring Boot ::        (v2.3.4.RELEASE)

2021-02-26 17:04:20.391  INFO 32213 --- [    Test worker] c.y.j.querydsl.QueryDslApplicationTest   : Starting QueryDslApplicationTest on yokkaebiui-MacBookPro.local with PID 32213 (started by yoggaebi in /Users/yoggaebi/Desktop/개인개발/spring/workspace-yos-aws/jpa-study-2021)
2021-02-26 17:04:20.392  INFO 32213 --- [    Test worker] c.y.j.querydsl.QueryDslApplicationTest   : No active profile set, falling back to default profiles: default
2021-02-26 17:04:20.986  INFO 32213 --- [    Test worker] .s.d.r.c.RepositoryConfigurationDelegate : Bootstrapping Spring Data JPA repositories in DEFERRED mode.
2021-02-26 17:04:21.012  INFO 32213 --- [    Test worker] .s.d.r.c.RepositoryConfigurationDelegate : Finished Spring Data repository scanning in 19ms. Found 0 JPA repository interfaces.
2021-02-26 17:04:21.564  INFO 32213 --- [    Test worker] o.s.s.concurrent.ThreadPoolTaskExecutor  : Initializing ExecutorService 'applicationTaskExecutor'
2021-02-26 17:04:21.582  INFO 32213 --- [    Test worker] com.zaxxer.hikari.HikariDataSource       : HikariPool-1 - Starting...
2021-02-26 17:04:21.751  INFO 32213 --- [    Test worker] com.zaxxer.hikari.HikariDataSource       : HikariPool-1 - Start completed.
2021-02-26 17:04:21.821  INFO 32213 --- [         task-1] o.hibernate.jpa.internal.util.LogHelper  : HHH000204: Processing PersistenceUnitInfo [name: default]
2021-02-26 17:04:21.876  INFO 32213 --- [         task-1] org.hibernate.Version                    : HHH000412: Hibernate ORM core version 5.4.21.Final
2021-02-26 17:04:22.012  WARN 32213 --- [    Test worker] JpaBaseConfiguration$JpaWebConfiguration : spring.jpa.open-in-view is enabled by default. Therefore, database queries may be performed during view rendering. Explicitly configure spring.jpa.open-in-view to disable this warning
2021-02-26 17:04:22.025  INFO 32213 --- [         task-1] o.hibernate.annotations.common.Version   : HCANN000001: Hibernate Commons Annotations {5.1.0.Final}
2021-02-26 17:04:22.175  INFO 32213 --- [         task-1] org.hibernate.dialect.Dialect            : HHH000400: Using dialect: org.hibernate.dialect.H2Dialect
2021-02-26 17:04:22.670  INFO 32213 --- [    Test worker] DeferredRepositoryInitializationListener : Triggering deferred initialization of Spring Data repositories…
2021-02-26 17:04:22.671  INFO 32213 --- [    Test worker] DeferredRepositoryInitializationListener : Spring Data repositories initialized!
2021-02-26 17:04:22.682  INFO 32213 --- [    Test worker] c.y.j.querydsl.QueryDslApplicationTest   : Started QueryDslApplicationTest in 2.496 seconds (JVM running for 3.658)
2021-02-26 17:04:22.878  INFO 32213 --- [         task-1] o.h.e.t.j.p.i.JtaPlatformInitiator       : HHH000490: Using JtaPlatform implementation: [org.hibernate.engine.transaction.jta.platform.internal.NoJtaPlatform]
2021-02-26 17:04:22.886  INFO 32213 --- [         task-1] j.LocalContainerEntityManagerFactoryBean : Initialized JPA EntityManagerFactory for persistence unit 'default'
2021-02-26 17:04:22.971  INFO 32213 --- [    Test worker] o.s.t.c.transaction.TransactionContext   : Began transaction (1) for test context [DefaultTestContext@6d851c8 testClass = QueryDslApplicationTest, testInstance = com.yosep.jpa.querydsl.QueryDslApplicationTest@34cd46b8, testMethod = contextLoads@QueryDslApplicationTest, testException = [null], mergedContextConfiguration = [WebMergedContextConfiguration@5aa36b5f testClass = QueryDslApplicationTest, locations = '{}', classes = '{class com.yosep.jpa.SpringJpaApplication}', contextInitializerClasses = '[]', activeProfiles = '{}', propertySourceLocations = '{}', propertySourceProperties = '{org.springframework.boot.test.context.SpringBootTestContextBootstrapper=true}', contextCustomizers = set[org.springframework.boot.test.autoconfigure.properties.PropertyMappingContextCustomizer@0, org.springframework.boot.test.autoconfigure.web.servlet.WebDriverContextCustomizerFactory$Customizer@6104ef93, org.springframework.boot.test.context.filter.ExcludeFilterContextCustomizer@f1d1ea3, org.springframework.boot.test.json.DuplicateJsonObjectContextCustomizerFactory$DuplicateJsonObjectContextCustomizer@12b8bc0e, org.springframework.boot.test.mock.mockito.MockitoContextCustomizer@0, org.springframework.boot.test.web.client.TestRestTemplateContextCustomizer@11139657, org.springframework.boot.test.context.SpringBootTestArgs@1], resourceBasePath = 'src/main/webapp', contextLoader = 'org.springframework.boot.test.context.SpringBootContextLoader', parent = [null]], attributes = map['org.springframework.test.context.web.ServletTestExecutionListener.activateListener' -> true, 'org.springframework.test.context.web.ServletTestExecutionListener.populatedRequestContextHolder' -> true, 'org.springframework.test.context.web.ServletTestExecutionListener.resetRequestContextHolder' -> true]]; transaction manager [org.springframework.orm.jpa.JpaTransactionManager@2f766e06]; rollback [true]
2021-02-26 17:04:23.275  INFO 32213 --- [    Test worker] o.s.t.c.transaction.TransactionContext   : Rolled back transaction for test: [DefaultTestContext@6d851c8 testClass = QueryDslApplicationTest, testInstance = com.yosep.jpa.querydsl.QueryDslApplicationTest@34cd46b8, testMethod = contextLoads@QueryDslApplicationTest, testException = [null], mergedContextConfiguration = [WebMergedContextConfiguration@5aa36b5f testClass = QueryDslApplicationTest, locations = '{}', classes = '{class com.yosep.jpa.SpringJpaApplication}', contextInitializerClasses = '[]', activeProfiles = '{}', propertySourceLocations = '{}', propertySourceProperties = '{org.springframework.boot.test.context.SpringBootTestContextBootstrapper=true}', contextCustomizers = set[org.springframework.boot.test.autoconfigure.properties.PropertyMappingContextCustomizer@0, org.springframework.boot.test.autoconfigure.web.servlet.WebDriverContextCustomizerFactory$Customizer@6104ef93, org.springframework.boot.test.context.filter.ExcludeFilterContextCustomizer@f1d1ea3, org.springframework.boot.test.json.DuplicateJsonObjectContextCustomizerFactory$DuplicateJsonObjectContextCustomizer@12b8bc0e, org.springframework.boot.test.mock.mockito.MockitoContextCustomizer@0, org.springframework.boot.test.web.client.TestRestTemplateContextCustomizer@11139657, org.springframework.boot.test.context.SpringBootTestArgs@1], resourceBasePath = 'src/main/webapp', contextLoader = 'org.springframework.boot.test.context.SpringBootContextLoader', parent = [null]], attributes = map['org.springframework.test.context.web.ServletTestExecutionListener.activateListener' -> true, 'org.springframework.test.context.web.ServletTestExecutionListener.populatedRequestContextHolder' -> true, 'org.springframework.test.context.web.ServletTestExecutionListener.resetRequestContextHolder' -> true]]
]]></system-out>
  <system-err><![CDATA[]]></system-err>
</testsuite>
